SF:src/gh_action_pulse/__init__.py
end_of_record
SF:src/gh_action_pulse/actions.py
DA:3,1
DA:4,1
DA:5,1
DA:6,1
DA:7,1
DA:9,1
DA:10,1
DA:11,1
DA:13,1
DA:14,1
DA:23,1
DA:24,1
DA:28,1
DA:29,1
DA:30,1
DA:31,1
DA:34,1
DA:35,1
DA:38,1
DA:39,1
DA:40,1
DA:43,1
DA:51,1
DA:58,1
DA:59,1
DA:60,1
DA:62,1
DA:64,1
DA:66,1
DA:68,1
DA:69,1
DA:73,0
DA:75,1
DA:77,1
DA:78,1
DA:79,1
DA:80,1
DA:81,1
DA:82,1
DA:83,1
DA:85,1
DA:87,1
DA:89,1
DA:90,1
DA:91,1
DA:92,1
DA:94,1
DA:95,1
DA:96,1
DA:98,1
DA:100,1
DA:101,1
DA:102,1
DA:103,1
DA:104,1
DA:105,1
DA:107,1
DA:109,1
DA:110,1
DA:112,1
DA:114,1
DA:115,1
DA:116,1
DA:118,1
DA:119,1
DA:120,1
DA:121,1
DA:122,1
DA:124,1
DA:126,1
DA:127,1
DA:128,1
DA:129,1
DA:130,1
DA:132,1
DA:134,1
DA:136,1
DA:138,1
DA:140,1
DA:141,1
DA:142,1
DA:143,1
DA:144,1
DA:145,1
DA:146,1
DA:147,0
DA:148,0
DA:150,1
DA:151,1
DA:152,1
DA:153,1
DA:154,1
DA:155,1
DA:156,1
DA:157,1
DA:159,1
DA:160,1
DA:162,1
DA:163,1
DA:164,1
DA:165,1
DA:166,1
DA:167,1
DA:168,1
DA:169,1
DA:170,1
DA:171,1
DA:172,1
DA:174,1
DA:175,1
DA:177,1
DA:178,1
DA:180,1
DA:182,0
DA:183,0
DA:184,0
DA:185,0
DA:186,0
DA:187,0
DA:188,0
DA:190,1
DA:192,0
DA:194,0
DA:198,0
DA:199,0
DA:201,1
DA:202,1
DA:203,1
DA:204,1
DA:205,1
DA:206,1
DA:209,1
DA:212,1
DA:214,1
DA:216,1
DA:218,1
DA:220,1
DA:221,1
DA:222,1
DA:223,1
DA:224,1
DA:225,1
DA:226,1
DA:227,1
DA:232,1
DA:234,1
DA:236,1
DA:238,1
DA:240,1
DA:242,1
DA:244,0
DA:246,1
DA:248,1
LF:153
LH:138
FN:51,60,GithubAction.__init__
FNDA:1,GithubAction.__init__
FN:62,64,GithubAction.__hash__
FNDA:1,GithubAction.__hash__
FN:66,73,GithubAction.__eq__
FNDA:1,GithubAction.__eq__
FN:75,83,GithubAction.get_fully_qualified
FNDA:1,GithubAction.get_fully_qualified
FN:85,110,GithubAction._set_actual_reference_type_and_date
FNDA:1,GithubAction._set_actual_reference_type_and_date
FN:112,134,GithubAction._set_actual_description_type
FNDA:1,GithubAction._set_actual_description_type
FN:136,148,GithubAction._set_recommended_reference_and_date
FNDA:1,GithubAction._set_recommended_reference_and_date
FN:150,160,GithubAction._get_valid_semver_tags
FNDA:1,GithubAction._get_valid_semver_tags
FN:162,175,GithubAction._set_recommended_for_sha
FNDA:1,GithubAction._set_recommended_for_sha
FN:177,178,GithubAction._actual_sha_matches_tag
FNDA:1,GithubAction._actual_sha_matches_tag
FN:180,188,GithubAction._set_recommended_to_branch
FNDA:0,GithubAction._set_recommended_to_branch
FN:190,199,GithubAction._set_recommended_with_fallback
FNDA:0,GithubAction._set_recommended_with_fallback
FN:201,206,GithubAction._set_recommended_reference_and_date_to_tag_if_exists
FNDA:1,GithubAction._set_recommended_reference_and_date_to_tag_if_exists
FN:212,214,UniqGithubActions.__init__
FNDA:1,UniqGithubActions.__init__
FN:216,232,UniqGithubActions.init_from_full_list
FNDA:1,UniqGithubActions.init_from_full_list
FN:234,236,UniqGithubActions.add
FNDA:1,UniqGithubActions.add
FN:238,240,UniqGithubActions.get_actions
FNDA:1,UniqGithubActions.get_actions
FN:242,244,UniqGithubActions.__getitem__
FNDA:0,UniqGithubActions.__getitem__
FN:246,248,UniqGithubActions.get_fully_qualified
FNDA:1,UniqGithubActions.get_fully_qualified
FNF:19
FNH:16
BRDA:68,0,jump to line 69,1
BRDA:68,0,jump to line 73,0
BRDA:91,0,jump to line 92,1
BRDA:91,0,jump to line 94,1
BRDA:114,0,jump to line 115,1
BRDA:114,0,jump to line 118,1
BRDA:141,0,jump to line 142,1
BRDA:141,0,jump to line 143,1
BRDA:143,0,jump to line 144,1
BRDA:143,0,jump to line 145,1
BRDA:145,0,jump to line 146,1
BRDA:145,0,jump to line 147,0
BRDA:147,0,jump to line 148,-
BRDA:147,0,return from function '_set_recommended_reference_and_date',-
BRDA:152,0,jump to line 153,1
BRDA:152,0,jump to line 159,1
BRDA:164,0,jump to line 165,1
BRDA:164,0,jump to line 167,1
BRDA:167,0,jump to line 168,1
BRDA:167,0,jump to line 170,1
BRDA:171,0,jump to line 172,1
BRDA:171,0,jump to line 174,1
BRDA:174,0,jump to line 175,1
BRDA:174,0,return from function '_set_recommended_for_sha',1
BRDA:198,0,jump to line 199,-
BRDA:198,0,return from function '_set_recommended_with_fallback',-
BRDA:202,0,jump to line 203,1
BRDA:202,0,return from function '_set_recommended_reference_and_date_to_tag_if_exists',0
BRDA:220,0,jump to line 221,1
BRDA:220,0,return from function 'init_from_full_list',1
BRDA:221,0,jump to line 220,1
BRDA:221,0,jump to line 222,1
BRDA:222,0,jump to line 221,1
BRDA:222,0,jump to line 223,1
BRDA:223,0,jump to line 222,0
BRDA:223,0,jump to line 224,1
BRF:36
BRH:28
end_of_record
SF:src/gh_action_pulse/full_list_of_existing_actions.py
DA:3,1
DA:4,1
DA:5,1
DA:7,1
DA:10,1
DA:13,1
DA:15,1
DA:16,1
DA:18,1
DA:20,1
DA:21,1
DA:22,1
DA:23,1
DA:24,1
DA:25,1
DA:26,1
DA:27,1
DA:28,1
DA:29,1
DA:30,1
DA:31,1
DA:32,1
DA:33,1
DA:35,1
DA:37,1
DA:39,1
DA:41,1
LF:27
LH:27
FN:13,16,FullListOfExistingActions.__init__
FNDA:1,FullListOfExistingActions.__init__
FN:18,33,FullListOfExistingActions._scan_for_actions
FNDA:1,FullListOfExistingActions._scan_for_actions
FN:35,37,FullListOfExistingActions.__len__
FNDA:1,FullListOfExistingActions.__len__
FN:39,41,FullListOfExistingActions.get_results
FNDA:1,FullListOfExistingActions.get_results
FNF:4
FNH:4
BRDA:20,0,jump to line 21,1
BRDA:20,0,return from function '_scan_for_actions',1
BRDA:22,0,jump to line 20,1
BRDA:22,0,jump to line 23,1
BRDA:26,0,jump to line 27,1
BRDA:26,0,jump to line 32,1
BRDA:27,0,jump to line 26,1
BRDA:27,0,jump to line 28,1
BRDA:32,0,jump to line 22,1
BRDA:32,0,jump to line 33,1
BRF:10
BRH:10
end_of_record
SF:tests/__init__.py
end_of_record
SF:tests/test_actions.py
DA:3,1
DA:4,1
DA:5,1
DA:7,1
DA:8,1
DA:9,1
DA:11,1
DA:14,1
DA:17,1
DA:19,1
DA:20,1
DA:21,1
DA:23,1
DA:24,1
DA:25,1
DA:27,1
DA:28,1
DA:29,1
DA:30,1
DA:31,1
DA:36,1
DA:37,1
DA:38,1
DA:41,1
DA:44,1
DA:45,1
DA:46,1
DA:47,1
DA:49,1
DA:50,1
DA:52,1
DA:53,1
DA:54,1
DA:55,1
DA:56,1
DA:57,1
DA:58,1
DA:60,1
DA:62,1
DA:63,1
DA:64,1
DA:65,1
DA:66,1
DA:68,1
DA:69,1
DA:71,1
DA:72,1
DA:73,1
DA:74,1
DA:75,1
DA:76,1
DA:77,1
DA:79,1
DA:81,1
DA:82,1
DA:83,1
DA:84,1
DA:85,1
DA:87,1
DA:88,1
DA:90,1
DA:91,1
DA:92,1
DA:93,1
DA:94,1
DA:95,1
DA:96,1
DA:97,1
DA:98,1
DA:100,1
DA:102,1
DA:103,1
DA:104,1
DA:105,1
DA:107,1
DA:108,1
DA:110,1
DA:111,1
DA:112,1
DA:113,1
DA:114,1
DA:115,1
DA:117,1
DA:119,1
DA:120,1
DA:121,1
DA:122,1
DA:123,1
DA:125,1
DA:126,1
DA:128,1
DA:129,1
DA:130,1
DA:132,1
DA:134,1
DA:135,1
DA:137,1
DA:138,1
DA:140,1
DA:141,1
DA:142,1
DA:143,1
DA:145,1
DA:147,1
DA:148,1
DA:150,1
DA:151,1
DA:153,1
DA:154,1
DA:155,1
DA:156,1
DA:157,1
DA:162,1
DA:164,1
DA:165,1
DA:166,1
DA:167,1
DA:169,1
DA:170,1
DA:172,1
DA:173,1
DA:174,1
DA:175,1
DA:177,1
DA:179,1
DA:180,1
DA:181,1
DA:182,1
DA:184,1
DA:185,1
DA:189,1
DA:190,1
DA:191,1
DA:192,1
DA:193,1
DA:194,1
DA:195,1
DA:196,1
DA:197,1
DA:198,1
DA:199,1
DA:200,1
DA:201,1
DA:203,1
DA:205,1
DA:207,1
DA:208,1
DA:209,1
DA:213,1
DA:214,1
DA:215,1
DA:216,1
DA:217,1
DA:218,1
DA:219,1
DA:220,1
DA:221,1
DA:222,1
DA:223,1
DA:224,1
DA:226,1
DA:228,1
DA:230,1
DA:231,1
DA:232,1
DA:236,1
DA:237,1
DA:238,1
DA:239,1
DA:240,1
DA:241,1
DA:242,1
DA:243,1
DA:244,1
DA:245,1
DA:246,1
DA:247,1
DA:248,1
DA:249,1
DA:250,1
DA:251,1
DA:253,1
DA:255,1
DA:257,1
DA:258,1
DA:259,1
DA:263,1
DA:264,1
DA:265,1
DA:266,1
DA:267,1
DA:268,1
DA:269,1
DA:270,1
DA:271,1
DA:272,1
DA:273,1
DA:274,1
DA:275,1
DA:277,1
DA:279,1
DA:281,1
DA:282,1
DA:283,1
DA:287,1
DA:288,1
DA:289,1
DA:290,1
DA:291,1
DA:292,1
DA:293,1
DA:294,1
DA:295,1
DA:296,1
DA:297,1
DA:298,1
DA:299,1
DA:300,1
DA:301,1
DA:302,1
DA:303,1
DA:305,1
DA:307,1
DA:309,1
DA:310,1
DA:311,1
DA:315,1
DA:316,1
DA:317,1
DA:318,1
DA:319,1
DA:320,1
DA:321,1
DA:322,1
DA:323,1
DA:324,1
DA:325,1
DA:326,1
DA:327,1
DA:329,1
DA:331,1
DA:333,1
DA:334,1
DA:335,1
DA:336,1
DA:343,1
DA:344,1
DA:345,1
DA:346,1
DA:347,1
DA:348,1
DA:349,1
DA:350,1
DA:351,1
DA:352,1
DA:353,1
DA:354,1
DA:355,1
DA:357,1
DA:359,1
DA:360,1
DA:363,1
DA:366,1
DA:373,1
DA:374,1
DA:378,1
DA:379,1
DA:380,1
DA:382,1
DA:383,1
DA:384,1
DA:386,1
DA:388,1
DA:389,1
DA:392,1
DA:393,1
DA:394,1
DA:395,1
DA:397,1
DA:399,1
DA:405,1
DA:406,1
DA:407,1
DA:409,1
DA:411,1
DA:412,1
DA:413,1
DA:414,1
DA:416,1
DA:418,1
DA:419,1
DA:420,1
DA:421,1
DA:422,1
DA:424,1
DA:426,1
DA:427,1
DA:429,1
DA:430,1
DA:431,1
DA:432,1
DA:433,1
DA:435,1
DA:437,1
DA:438,1
DA:441,1
DA:442,1
DA:444,1
DA:445,1
DA:448,1
DA:449,1
DA:452,1
DA:453,1
LF:313
LH:313
FN:17,25,TestGithubAction.test_equality
FNDA:1,TestGithubAction.test_equality
FN:31,47,TestGithubAction.test_get_fully_qualified
FNDA:1,TestGithubAction.test_get_fully_qualified
FN:50,66,TestGithubAction.test__set_actual_reference_type_and_date_with_tag
FNDA:1,TestGithubAction.test__set_actual_reference_type_and_date_with_tag
FN:69,85,TestGithubAction.test__set_actual_reference_type_and_date_with_sha
FNDA:1,TestGithubAction.test__set_actual_reference_type_and_date_with_sha
FN:88,105,TestGithubAction.test__set_actual_reference_type_and_date_with_branch
FNDA:1,TestGithubAction.test__set_actual_reference_type_and_date_with_branch
FN:108,123,TestGithubAction.test__set_actual_reference_type_and_date_with_invalid_ref
FNDA:1,TestGithubAction.test__set_actual_reference_type_and_date_with_invalid_ref
FN:126,135,TestGithubAction.test__set_actual_description_type_with_none
FNDA:1,TestGithubAction.test__set_actual_description_type_with_none
FN:138,148,TestGithubAction.test__set_actual_description_type_with_tag
FNDA:1,TestGithubAction.test__set_actual_description_type_with_tag
FN:151,167,TestGithubAction.test__set_actual_description_type_with_branch
FNDA:1,TestGithubAction.test__set_actual_description_type_with_branch
FN:170,182,TestGithubAction.test__set_actual_description_type_with_invalid_ref
FNDA:1,TestGithubAction.test__set_actual_description_type_with_invalid_ref
FN:185,205,TestGithubAction.test__set_recommended_reference_type_and_date_call_invalid_version_exception
FNDA:1,TestGithubAction.test__set_recommended_reference_type_and_date_call_invalid_version_exception
FN:209,228,TestGithubAction.test__set_recommended_reference_and_date_tag
FNDA:1,TestGithubAction.test__set_recommended_reference_and_date_tag
FN:232,255,TestGithubAction.test__set_recommended_reference_and_date_branch
FNDA:1,TestGithubAction.test__set_recommended_reference_and_date_branch
FN:259,279,TestGithubAction.test__set_recommended_reference_and_date_sha_description_tag
FNDA:1,TestGithubAction.test__set_recommended_reference_and_date_sha_description_tag
FN:283,307,TestGithubAction.test__set_recommended_reference_and_date_sha_description_branch
FNDA:1,TestGithubAction.test__set_recommended_reference_and_date_sha_description_branch
FN:311,331,TestGithubAction.test__set_recommended_reference_and_date_sha_description_bullshit_sha_is_tag_related
FNDA:1,TestGithubAction.test__set_recommended_reference_and_date_sha_description_bullshit_sha_is_tag_related
FN:336,360,TestGithubAction.test__set_recommended_reference_and_date_sha_description_bullshit_sha_is_branch_related
FNDA:1,TestGithubAction.test__set_recommended_reference_and_date_sha_description_bullshit_sha_is_branch_related
FN:374,395,TestUniqGithubActions.test_get_fully_qualified_attributes
FNDA:1,TestUniqGithubActions.test_get_fully_qualified_attributes
FN:382,384,TestUniqGithubActions.test_get_fully_qualified_attributes.mock_impl
FNDA:1,TestUniqGithubActions.test_get_fully_qualified_attributes.mock_impl
FN:397,407,TestUniqGithubActions.test_init_from_full_list
FNDA:1,TestUniqGithubActions.test_init_from_full_list
FN:409,414,TestUniqGithubActions.test_add
FNDA:1,TestUniqGithubActions.test_add
FN:416,424,TestUniqGithubActions.test_get_actions
FNDA:1,TestUniqGithubActions.test_get_actions
FN:427,453,TestUniqGithubActions.test_get_fully_qualified_contents
FNDA:1,TestUniqGithubActions.test_get_fully_qualified_contents
FNF:23
FNH:23
end_of_record
SF:tests/test_full_list_of_existing_actions.py
DA:3,1
DA:4,1
DA:5,1
DA:7,1
DA:16,1
DA:19,1
DA:20,1
DA:22,1
DA:23,1
DA:32,1
DA:33,1
DA:38,1
DA:39,1
DA:41,1
DA:42,1
DA:44,1
DA:46,1
DA:47,1
DA:49,1
DA:50,1
DA:51,1
DA:56,1
DA:57,1
DA:58,1
DA:61,1
DA:64,1
DA:66,1
DA:67,1
DA:68,1
DA:70,1
DA:73,1
DA:77,1
DA:78,1
DA:80,1
DA:81,1
DA:84,1
DA:86,1
DA:87,1
DA:88,1
DA:90,1
DA:92,1
DA:93,1
DA:94,1
DA:96,1
DA:99,1
DA:101,1
DA:102,1
DA:105,1
DA:107,1
DA:109,1
DA:111,1
DA:112,1
DA:114,1
LF:53
LH:53
FN:16,61,test_full_list_of_existing__scan_for_actions
FNDA:1,test_full_list_of_existing__scan_for_actions
FN:64,81,test_full_list_of_existing__os_error
FNDA:1,test_full_list_of_existing__os_error
FN:84,96,test_full_list_of_existing__unicode_decode_error
FNDA:1,test_full_list_of_existing__unicode_decode_error
FN:99,114,test_full_list_of_existing__len
FNDA:1,test_full_list_of_existing__len
FNF:4
FNH:4
end_of_record
